                              1 ;--------------------------------------------------------
                              2 ; File Created by SDCC : free open source ANSI-C Compiler
                              3 ; Version 2.9.0 #5416 (Mar 22 2009) (MINGW32)
                              4 ; This file was generated Thu Oct 25 17:50:10 2012
                              5 ;--------------------------------------------------------
                              6 	.module lab4_3
                              7 	.optsdcc -mmcs51 --model-small
                              8 	
                              9 ;--------------------------------------------------------
                             10 ; Public variables in this module
                             11 ;--------------------------------------------------------
                             12 	.globl _P7_7
                             13 	.globl _P7_6
                             14 	.globl _P7_5
                             15 	.globl _P7_4
                             16 	.globl _P7_3
                             17 	.globl _P7_2
                             18 	.globl _P7_1
                             19 	.globl _P7_0
                             20 	.globl _SPIF
                             21 	.globl _WCOL
                             22 	.globl _MODF
                             23 	.globl _RXOVRN
                             24 	.globl _NSSMD1
                             25 	.globl _NSSMD0
                             26 	.globl _TXBMT
                             27 	.globl _SPIEN
                             28 	.globl _P6_7
                             29 	.globl _P6_6
                             30 	.globl _P6_5
                             31 	.globl _P6_4
                             32 	.globl _P6_3
                             33 	.globl _P6_2
                             34 	.globl _P6_1
                             35 	.globl _P6_0
                             36 	.globl _AD2EN
                             37 	.globl _AD2TM
                             38 	.globl _AD2INT
                             39 	.globl _AD2BUSY
                             40 	.globl _AD2CM2
                             41 	.globl _AD2CM1
                             42 	.globl _AD2CM0
                             43 	.globl _AD2WINT
                             44 	.globl _AD0EN
                             45 	.globl _AD0TM
                             46 	.globl _AD0INT
                             47 	.globl _AD0BUSY
                             48 	.globl _AD0CM1
                             49 	.globl _AD0CM0
                             50 	.globl _AD0WINT
                             51 	.globl _AD0LJST
                             52 	.globl _P5_7
                             53 	.globl _P5_6
                             54 	.globl _P5_5
                             55 	.globl _P5_4
                             56 	.globl _P5_3
                             57 	.globl _P5_2
                             58 	.globl _P5_1
                             59 	.globl _P5_0
                             60 	.globl _CF
                             61 	.globl _CR
                             62 	.globl _CCF5
                             63 	.globl _CCF4
                             64 	.globl _CCF3
                             65 	.globl _CCF2
                             66 	.globl _CCF1
                             67 	.globl _CCF0
                             68 	.globl _CY
                             69 	.globl _AC
                             70 	.globl _F0
                             71 	.globl _RS1
                             72 	.globl _RS0
                             73 	.globl _OV
                             74 	.globl _F1
                             75 	.globl _P
                             76 	.globl _P4_7
                             77 	.globl _P4_6
                             78 	.globl _P4_5
                             79 	.globl _P4_4
                             80 	.globl _P4_3
                             81 	.globl _P4_2
                             82 	.globl _P4_1
                             83 	.globl _P4_0
                             84 	.globl _TF4
                             85 	.globl _EXF4
                             86 	.globl _EXEN4
                             87 	.globl _TR4
                             88 	.globl _CT4
                             89 	.globl _CPRL4
                             90 	.globl _TF3
                             91 	.globl _EXF3
                             92 	.globl _EXEN3
                             93 	.globl _TR3
                             94 	.globl _CT3
                             95 	.globl _CPRL3
                             96 	.globl _TF2
                             97 	.globl _EXF2
                             98 	.globl _EXEN2
                             99 	.globl _TR2
                            100 	.globl _CT2
                            101 	.globl _CPRL2
                            102 	.globl _MAC0HO
                            103 	.globl _MAC0Z
                            104 	.globl _MAC0SO
                            105 	.globl _MAC0N
                            106 	.globl _BUSY
                            107 	.globl _ENSMB
                            108 	.globl _STA
                            109 	.globl _STO
                            110 	.globl _SI
                            111 	.globl _AA
                            112 	.globl _SMBFTE
                            113 	.globl _SMBTOE
                            114 	.globl _PT2
                            115 	.globl _PS
                            116 	.globl _PS0
                            117 	.globl _PT1
                            118 	.globl _PX1
                            119 	.globl _PT0
                            120 	.globl _PX0
                            121 	.globl _P3_7
                            122 	.globl _P3_6
                            123 	.globl _P3_5
                            124 	.globl _P3_4
                            125 	.globl _P3_3
                            126 	.globl _P3_2
                            127 	.globl _P3_1
                            128 	.globl _P3_0
                            129 	.globl _EA
                            130 	.globl _ET2
                            131 	.globl _ES
                            132 	.globl _ES0
                            133 	.globl _ET1
                            134 	.globl _EX1
                            135 	.globl _ET0
                            136 	.globl _EX0
                            137 	.globl _P2_7
                            138 	.globl _P2_6
                            139 	.globl _P2_5
                            140 	.globl _P2_4
                            141 	.globl _P2_3
                            142 	.globl _P2_2
                            143 	.globl _P2_1
                            144 	.globl _P2_0
                            145 	.globl _S1MODE
                            146 	.globl _MCE1
                            147 	.globl _REN1
                            148 	.globl _TB81
                            149 	.globl _RB81
                            150 	.globl _TI1
                            151 	.globl _RI1
                            152 	.globl _SM00
                            153 	.globl _SM10
                            154 	.globl _SM20
                            155 	.globl _REN
                            156 	.globl _REN0
                            157 	.globl _TB80
                            158 	.globl _RB80
                            159 	.globl _TI
                            160 	.globl _TI0
                            161 	.globl _RI
                            162 	.globl _RI0
                            163 	.globl _P1_7
                            164 	.globl _P1_6
                            165 	.globl _P1_5
                            166 	.globl _P1_4
                            167 	.globl _P1_3
                            168 	.globl _P1_2
                            169 	.globl _P1_1
                            170 	.globl _P1_0
                            171 	.globl _FLHBUSY
                            172 	.globl _CP1EN
                            173 	.globl _CP1OUT
                            174 	.globl _CP1RIF
                            175 	.globl _CP1FIF
                            176 	.globl _CP1HYP1
                            177 	.globl _CP1HYP0
                            178 	.globl _CP1HYN1
                            179 	.globl _CP1HYN0
                            180 	.globl _CP0EN
                            181 	.globl _CP0OUT
                            182 	.globl _CP0RIF
                            183 	.globl _CP0FIF
                            184 	.globl _CP0HYP1
                            185 	.globl _CP0HYP0
                            186 	.globl _CP0HYN1
                            187 	.globl _CP0HYN0
                            188 	.globl _TF1
                            189 	.globl _TR1
                            190 	.globl _TF0
                            191 	.globl _TR0
                            192 	.globl _IE1
                            193 	.globl _IT1
                            194 	.globl _IE0
                            195 	.globl _IT0
                            196 	.globl _P0_7
                            197 	.globl _P0_6
                            198 	.globl _P0_5
                            199 	.globl _P0_4
                            200 	.globl _P0_3
                            201 	.globl _P0_2
                            202 	.globl _P0_1
                            203 	.globl _P0_0
                            204 	.globl _MAC0RND
                            205 	.globl _MAC0ACC
                            206 	.globl _MAC0A
                            207 	.globl _RCAP4
                            208 	.globl _TMR4
                            209 	.globl _DAC1
                            210 	.globl _RCAP3
                            211 	.globl _TMR3
                            212 	.globl _PCA0CP5
                            213 	.globl _PCA0CP4
                            214 	.globl _PCA0CP3
                            215 	.globl _PCA0CP2
                            216 	.globl _PCA0CP1
                            217 	.globl _PCA0CP0
                            218 	.globl _PCA0
                            219 	.globl _DAC0
                            220 	.globl _ADC0LT
                            221 	.globl _ADC0GT
                            222 	.globl _ADC0
                            223 	.globl _RCAP2
                            224 	.globl _TMR2
                            225 	.globl _TMR1
                            226 	.globl _TMR0
                            227 	.globl _P7
                            228 	.globl _P6
                            229 	.globl _XBR2
                            230 	.globl _XBR1
                            231 	.globl _XBR0
                            232 	.globl _P5
                            233 	.globl _P4
                            234 	.globl _FLACL
                            235 	.globl _P1MDIN
                            236 	.globl _P3MDOUT
                            237 	.globl _P2MDOUT
                            238 	.globl _P1MDOUT
                            239 	.globl _P0MDOUT
                            240 	.globl _CCH0LC
                            241 	.globl _CCH0TN
                            242 	.globl _CCH0CN
                            243 	.globl _P7MDOUT
                            244 	.globl _P6MDOUT
                            245 	.globl _P5MDOUT
                            246 	.globl _P4MDOUT
                            247 	.globl _CCH0MA
                            248 	.globl _CLKSEL
                            249 	.globl _SFRPGCN
                            250 	.globl _PLL0FLT
                            251 	.globl _PLL0MUL
                            252 	.globl _PLL0DIV
                            253 	.globl _OSCXCN
                            254 	.globl _OSCICL
                            255 	.globl _OSCICN
                            256 	.globl _PLL0CN
                            257 	.globl _FLSTAT
                            258 	.globl _MAC0RNDH
                            259 	.globl _MAC0RNDL
                            260 	.globl _MAC0CF
                            261 	.globl _MAC0AH
                            262 	.globl _MAC0AL
                            263 	.globl _MAC0STA
                            264 	.globl _MAC0OVR
                            265 	.globl _MAC0ACC3
                            266 	.globl _MAC0ACC2
                            267 	.globl _MAC0ACC1
                            268 	.globl _MAC0ACC0
                            269 	.globl _MAC0BH
                            270 	.globl _MAC0BL
                            271 	.globl _ADC2CN
                            272 	.globl _TMR4H
                            273 	.globl _TMR4L
                            274 	.globl _RCAP4H
                            275 	.globl _RCAP4L
                            276 	.globl _TMR4CF
                            277 	.globl _TMR4CN
                            278 	.globl _ADC2LT
                            279 	.globl _ADC2GT
                            280 	.globl _ADC2
                            281 	.globl _ADC2CF
                            282 	.globl _AMX2SL
                            283 	.globl _AMX2CF
                            284 	.globl _CPT1MD
                            285 	.globl _CPT1CN
                            286 	.globl _DAC1CN
                            287 	.globl _DAC1H
                            288 	.globl _DAC1L
                            289 	.globl _TMR3H
                            290 	.globl _TMR3L
                            291 	.globl _RCAP3H
                            292 	.globl _RCAP3L
                            293 	.globl _TMR3CF
                            294 	.globl _TMR3CN
                            295 	.globl _SBUF1
                            296 	.globl _SCON1
                            297 	.globl _CPT0MD
                            298 	.globl _CPT0CN
                            299 	.globl _PCA0CPH1
                            300 	.globl _PCA0CPL1
                            301 	.globl _PCA0CPH0
                            302 	.globl _PCA0CPL0
                            303 	.globl _PCA0H
                            304 	.globl _PCA0L
                            305 	.globl _SPI0CN
                            306 	.globl _RSTSRC
                            307 	.globl _PCA0CPH4
                            308 	.globl _PCA0CPL4
                            309 	.globl _PCA0CPH3
                            310 	.globl _PCA0CPL3
                            311 	.globl _PCA0CPH2
                            312 	.globl _PCA0CPL2
                            313 	.globl _ADC0CN
                            314 	.globl _PCA0CPH5
                            315 	.globl _PCA0CPL5
                            316 	.globl _PCA0CPM5
                            317 	.globl _PCA0CPM4
                            318 	.globl _PCA0CPM3
                            319 	.globl _PCA0CPM2
                            320 	.globl _PCA0CPM1
                            321 	.globl _PCA0CPM0
                            322 	.globl _PCA0MD
                            323 	.globl _PCA0CN
                            324 	.globl _DAC0CN
                            325 	.globl _DAC0H
                            326 	.globl _DAC0L
                            327 	.globl _REF0CN
                            328 	.globl _SMB0CR
                            329 	.globl _TH2
                            330 	.globl _TMR2H
                            331 	.globl _TL2
                            332 	.globl _TMR2L
                            333 	.globl _RCAP2H
                            334 	.globl _RCAP2L
                            335 	.globl _TMR2CF
                            336 	.globl _TMR2CN
                            337 	.globl _ADC0LTH
                            338 	.globl _ADC0LTL
                            339 	.globl _ADC0GTH
                            340 	.globl _ADC0GTL
                            341 	.globl _SMB0ADR
                            342 	.globl _SMB0DAT
                            343 	.globl _SMB0STA
                            344 	.globl _SMB0CN
                            345 	.globl _ADC0H
                            346 	.globl _ADC0L
                            347 	.globl _ADC0CF
                            348 	.globl _AMX0SL
                            349 	.globl _AMX0CF
                            350 	.globl _SADEN0
                            351 	.globl _FLSCL
                            352 	.globl _SADDR0
                            353 	.globl _EMI0CF
                            354 	.globl __XPAGE
                            355 	.globl _EMI0CN
                            356 	.globl _EMI0TC
                            357 	.globl _SPI0CKR
                            358 	.globl _SPI0DAT
                            359 	.globl _SPI0CFG
                            360 	.globl _SBUF
                            361 	.globl _SBUF0
                            362 	.globl _SCON
                            363 	.globl _SCON0
                            364 	.globl _SSTA0
                            365 	.globl _PSCTL
                            366 	.globl _CKCON
                            367 	.globl _TH1
                            368 	.globl _TH0
                            369 	.globl _TL1
                            370 	.globl _TL0
                            371 	.globl _TMOD
                            372 	.globl _TCON
                            373 	.globl _WDTCN
                            374 	.globl _EIP2
                            375 	.globl _EIP1
                            376 	.globl _B
                            377 	.globl _EIE2
                            378 	.globl _EIE1
                            379 	.globl _ACC
                            380 	.globl _PSW
                            381 	.globl _IP
                            382 	.globl _PSBANK
                            383 	.globl _P3
                            384 	.globl _IE
                            385 	.globl _P2
                            386 	.globl _P1
                            387 	.globl _PCON
                            388 	.globl _SFRLAST
                            389 	.globl _SFRNEXT
                            390 	.globl _SFRPAGE
                            391 	.globl _DPH
                            392 	.globl _DPL
                            393 	.globl _SP
                            394 	.globl _P0
                            395 	.globl _output
                            396 	.globl _putchar
                            397 	.globl _getchar
                            398 	.globl _main
                            399 	.globl _SYSCLK_INIT
                            400 	.globl _PORT_INIT
                            401 	.globl _UART0_INIT
                            402 	.globl _ADC_Init
                            403 	.globl _DAC_Init
                            404 ;--------------------------------------------------------
                            405 ; special function registers
                            406 ;--------------------------------------------------------
                            407 	.area RSEG    (DATA)
                    0080    408 G$P0$0$0 == 0x0080
                    0080    409 _P0	=	0x0080
                    0081    410 G$SP$0$0 == 0x0081
                    0081    411 _SP	=	0x0081
                    0082    412 G$DPL$0$0 == 0x0082
                    0082    413 _DPL	=	0x0082
                    0083    414 G$DPH$0$0 == 0x0083
                    0083    415 _DPH	=	0x0083
                    0084    416 G$SFRPAGE$0$0 == 0x0084
                    0084    417 _SFRPAGE	=	0x0084
                    0085    418 G$SFRNEXT$0$0 == 0x0085
                    0085    419 _SFRNEXT	=	0x0085
                    0086    420 G$SFRLAST$0$0 == 0x0086
                    0086    421 _SFRLAST	=	0x0086
                    0087    422 G$PCON$0$0 == 0x0087
                    0087    423 _PCON	=	0x0087
                    0090    424 G$P1$0$0 == 0x0090
                    0090    425 _P1	=	0x0090
                    00A0    426 G$P2$0$0 == 0x00a0
                    00A0    427 _P2	=	0x00a0
                    00A8    428 G$IE$0$0 == 0x00a8
                    00A8    429 _IE	=	0x00a8
                    00B0    430 G$P3$0$0 == 0x00b0
                    00B0    431 _P3	=	0x00b0
                    00B1    432 G$PSBANK$0$0 == 0x00b1
                    00B1    433 _PSBANK	=	0x00b1
                    00B8    434 G$IP$0$0 == 0x00b8
                    00B8    435 _IP	=	0x00b8
                    00D0    436 G$PSW$0$0 == 0x00d0
                    00D0    437 _PSW	=	0x00d0
                    00E0    438 G$ACC$0$0 == 0x00e0
                    00E0    439 _ACC	=	0x00e0
                    00E6    440 G$EIE1$0$0 == 0x00e6
                    00E6    441 _EIE1	=	0x00e6
                    00E7    442 G$EIE2$0$0 == 0x00e7
                    00E7    443 _EIE2	=	0x00e7
                    00F0    444 G$B$0$0 == 0x00f0
                    00F0    445 _B	=	0x00f0
                    00F6    446 G$EIP1$0$0 == 0x00f6
                    00F6    447 _EIP1	=	0x00f6
                    00F7    448 G$EIP2$0$0 == 0x00f7
                    00F7    449 _EIP2	=	0x00f7
                    00FF    450 G$WDTCN$0$0 == 0x00ff
                    00FF    451 _WDTCN	=	0x00ff
                    0088    452 G$TCON$0$0 == 0x0088
                    0088    453 _TCON	=	0x0088
                    0089    454 G$TMOD$0$0 == 0x0089
                    0089    455 _TMOD	=	0x0089
                    008A    456 G$TL0$0$0 == 0x008a
                    008A    457 _TL0	=	0x008a
                    008B    458 G$TL1$0$0 == 0x008b
                    008B    459 _TL1	=	0x008b
                    008C    460 G$TH0$0$0 == 0x008c
                    008C    461 _TH0	=	0x008c
                    008D    462 G$TH1$0$0 == 0x008d
                    008D    463 _TH1	=	0x008d
                    008E    464 G$CKCON$0$0 == 0x008e
                    008E    465 _CKCON	=	0x008e
                    008F    466 G$PSCTL$0$0 == 0x008f
                    008F    467 _PSCTL	=	0x008f
                    0091    468 G$SSTA0$0$0 == 0x0091
                    0091    469 _SSTA0	=	0x0091
                    0098    470 G$SCON0$0$0 == 0x0098
                    0098    471 _SCON0	=	0x0098
                    0098    472 G$SCON$0$0 == 0x0098
                    0098    473 _SCON	=	0x0098
                    0099    474 G$SBUF0$0$0 == 0x0099
                    0099    475 _SBUF0	=	0x0099
                    0099    476 G$SBUF$0$0 == 0x0099
                    0099    477 _SBUF	=	0x0099
                    009A    478 G$SPI0CFG$0$0 == 0x009a
                    009A    479 _SPI0CFG	=	0x009a
                    009B    480 G$SPI0DAT$0$0 == 0x009b
                    009B    481 _SPI0DAT	=	0x009b
                    009D    482 G$SPI0CKR$0$0 == 0x009d
                    009D    483 _SPI0CKR	=	0x009d
                    00A1    484 G$EMI0TC$0$0 == 0x00a1
                    00A1    485 _EMI0TC	=	0x00a1
                    00A2    486 G$EMI0CN$0$0 == 0x00a2
                    00A2    487 _EMI0CN	=	0x00a2
                    00A2    488 G$_XPAGE$0$0 == 0x00a2
                    00A2    489 __XPAGE	=	0x00a2
                    00A3    490 G$EMI0CF$0$0 == 0x00a3
                    00A3    491 _EMI0CF	=	0x00a3
                    00A9    492 G$SADDR0$0$0 == 0x00a9
                    00A9    493 _SADDR0	=	0x00a9
                    00B7    494 G$FLSCL$0$0 == 0x00b7
                    00B7    495 _FLSCL	=	0x00b7
                    00B9    496 G$SADEN0$0$0 == 0x00b9
                    00B9    497 _SADEN0	=	0x00b9
                    00BA    498 G$AMX0CF$0$0 == 0x00ba
                    00BA    499 _AMX0CF	=	0x00ba
                    00BB    500 G$AMX0SL$0$0 == 0x00bb
                    00BB    501 _AMX0SL	=	0x00bb
                    00BC    502 G$ADC0CF$0$0 == 0x00bc
                    00BC    503 _ADC0CF	=	0x00bc
                    00BE    504 G$ADC0L$0$0 == 0x00be
                    00BE    505 _ADC0L	=	0x00be
                    00BF    506 G$ADC0H$0$0 == 0x00bf
                    00BF    507 _ADC0H	=	0x00bf
                    00C0    508 G$SMB0CN$0$0 == 0x00c0
                    00C0    509 _SMB0CN	=	0x00c0
                    00C1    510 G$SMB0STA$0$0 == 0x00c1
                    00C1    511 _SMB0STA	=	0x00c1
                    00C2    512 G$SMB0DAT$0$0 == 0x00c2
                    00C2    513 _SMB0DAT	=	0x00c2
                    00C3    514 G$SMB0ADR$0$0 == 0x00c3
                    00C3    515 _SMB0ADR	=	0x00c3
                    00C4    516 G$ADC0GTL$0$0 == 0x00c4
                    00C4    517 _ADC0GTL	=	0x00c4
                    00C5    518 G$ADC0GTH$0$0 == 0x00c5
                    00C5    519 _ADC0GTH	=	0x00c5
                    00C6    520 G$ADC0LTL$0$0 == 0x00c6
                    00C6    521 _ADC0LTL	=	0x00c6
                    00C7    522 G$ADC0LTH$0$0 == 0x00c7
                    00C7    523 _ADC0LTH	=	0x00c7
                    00C8    524 G$TMR2CN$0$0 == 0x00c8
                    00C8    525 _TMR2CN	=	0x00c8
                    00C9    526 G$TMR2CF$0$0 == 0x00c9
                    00C9    527 _TMR2CF	=	0x00c9
                    00CA    528 G$RCAP2L$0$0 == 0x00ca
                    00CA    529 _RCAP2L	=	0x00ca
                    00CB    530 G$RCAP2H$0$0 == 0x00cb
                    00CB    531 _RCAP2H	=	0x00cb
                    00CC    532 G$TMR2L$0$0 == 0x00cc
                    00CC    533 _TMR2L	=	0x00cc
                    00CC    534 G$TL2$0$0 == 0x00cc
                    00CC    535 _TL2	=	0x00cc
                    00CD    536 G$TMR2H$0$0 == 0x00cd
                    00CD    537 _TMR2H	=	0x00cd
                    00CD    538 G$TH2$0$0 == 0x00cd
                    00CD    539 _TH2	=	0x00cd
                    00CF    540 G$SMB0CR$0$0 == 0x00cf
                    00CF    541 _SMB0CR	=	0x00cf
                    00D1    542 G$REF0CN$0$0 == 0x00d1
                    00D1    543 _REF0CN	=	0x00d1
                    00D2    544 G$DAC0L$0$0 == 0x00d2
                    00D2    545 _DAC0L	=	0x00d2
                    00D3    546 G$DAC0H$0$0 == 0x00d3
                    00D3    547 _DAC0H	=	0x00d3
                    00D4    548 G$DAC0CN$0$0 == 0x00d4
                    00D4    549 _DAC0CN	=	0x00d4
                    00D8    550 G$PCA0CN$0$0 == 0x00d8
                    00D8    551 _PCA0CN	=	0x00d8
                    00D9    552 G$PCA0MD$0$0 == 0x00d9
                    00D9    553 _PCA0MD	=	0x00d9
                    00DA    554 G$PCA0CPM0$0$0 == 0x00da
                    00DA    555 _PCA0CPM0	=	0x00da
                    00DB    556 G$PCA0CPM1$0$0 == 0x00db
                    00DB    557 _PCA0CPM1	=	0x00db
                    00DC    558 G$PCA0CPM2$0$0 == 0x00dc
                    00DC    559 _PCA0CPM2	=	0x00dc
                    00DD    560 G$PCA0CPM3$0$0 == 0x00dd
                    00DD    561 _PCA0CPM3	=	0x00dd
                    00DE    562 G$PCA0CPM4$0$0 == 0x00de
                    00DE    563 _PCA0CPM4	=	0x00de
                    00DF    564 G$PCA0CPM5$0$0 == 0x00df
                    00DF    565 _PCA0CPM5	=	0x00df
                    00E1    566 G$PCA0CPL5$0$0 == 0x00e1
                    00E1    567 _PCA0CPL5	=	0x00e1
                    00E2    568 G$PCA0CPH5$0$0 == 0x00e2
                    00E2    569 _PCA0CPH5	=	0x00e2
                    00E8    570 G$ADC0CN$0$0 == 0x00e8
                    00E8    571 _ADC0CN	=	0x00e8
                    00E9    572 G$PCA0CPL2$0$0 == 0x00e9
                    00E9    573 _PCA0CPL2	=	0x00e9
                    00EA    574 G$PCA0CPH2$0$0 == 0x00ea
                    00EA    575 _PCA0CPH2	=	0x00ea
                    00EB    576 G$PCA0CPL3$0$0 == 0x00eb
                    00EB    577 _PCA0CPL3	=	0x00eb
                    00EC    578 G$PCA0CPH3$0$0 == 0x00ec
                    00EC    579 _PCA0CPH3	=	0x00ec
                    00ED    580 G$PCA0CPL4$0$0 == 0x00ed
                    00ED    581 _PCA0CPL4	=	0x00ed
                    00EE    582 G$PCA0CPH4$0$0 == 0x00ee
                    00EE    583 _PCA0CPH4	=	0x00ee
                    00EF    584 G$RSTSRC$0$0 == 0x00ef
                    00EF    585 _RSTSRC	=	0x00ef
                    00F8    586 G$SPI0CN$0$0 == 0x00f8
                    00F8    587 _SPI0CN	=	0x00f8
                    00F9    588 G$PCA0L$0$0 == 0x00f9
                    00F9    589 _PCA0L	=	0x00f9
                    00FA    590 G$PCA0H$0$0 == 0x00fa
                    00FA    591 _PCA0H	=	0x00fa
                    00FB    592 G$PCA0CPL0$0$0 == 0x00fb
                    00FB    593 _PCA0CPL0	=	0x00fb
                    00FC    594 G$PCA0CPH0$0$0 == 0x00fc
                    00FC    595 _PCA0CPH0	=	0x00fc
                    00FD    596 G$PCA0CPL1$0$0 == 0x00fd
                    00FD    597 _PCA0CPL1	=	0x00fd
                    00FE    598 G$PCA0CPH1$0$0 == 0x00fe
                    00FE    599 _PCA0CPH1	=	0x00fe
                    0088    600 G$CPT0CN$0$0 == 0x0088
                    0088    601 _CPT0CN	=	0x0088
                    0089    602 G$CPT0MD$0$0 == 0x0089
                    0089    603 _CPT0MD	=	0x0089
                    0098    604 G$SCON1$0$0 == 0x0098
                    0098    605 _SCON1	=	0x0098
                    0099    606 G$SBUF1$0$0 == 0x0099
                    0099    607 _SBUF1	=	0x0099
                    00C8    608 G$TMR3CN$0$0 == 0x00c8
                    00C8    609 _TMR3CN	=	0x00c8
                    00C9    610 G$TMR3CF$0$0 == 0x00c9
                    00C9    611 _TMR3CF	=	0x00c9
                    00CA    612 G$RCAP3L$0$0 == 0x00ca
                    00CA    613 _RCAP3L	=	0x00ca
                    00CB    614 G$RCAP3H$0$0 == 0x00cb
                    00CB    615 _RCAP3H	=	0x00cb
                    00CC    616 G$TMR3L$0$0 == 0x00cc
                    00CC    617 _TMR3L	=	0x00cc
                    00CD    618 G$TMR3H$0$0 == 0x00cd
                    00CD    619 _TMR3H	=	0x00cd
                    00D2    620 G$DAC1L$0$0 == 0x00d2
                    00D2    621 _DAC1L	=	0x00d2
                    00D3    622 G$DAC1H$0$0 == 0x00d3
                    00D3    623 _DAC1H	=	0x00d3
                    00D4    624 G$DAC1CN$0$0 == 0x00d4
                    00D4    625 _DAC1CN	=	0x00d4
                    0088    626 G$CPT1CN$0$0 == 0x0088
                    0088    627 _CPT1CN	=	0x0088
                    0089    628 G$CPT1MD$0$0 == 0x0089
                    0089    629 _CPT1MD	=	0x0089
                    00BA    630 G$AMX2CF$0$0 == 0x00ba
                    00BA    631 _AMX2CF	=	0x00ba
                    00BB    632 G$AMX2SL$0$0 == 0x00bb
                    00BB    633 _AMX2SL	=	0x00bb
                    00BC    634 G$ADC2CF$0$0 == 0x00bc
                    00BC    635 _ADC2CF	=	0x00bc
                    00BE    636 G$ADC2$0$0 == 0x00be
                    00BE    637 _ADC2	=	0x00be
                    00C4    638 G$ADC2GT$0$0 == 0x00c4
                    00C4    639 _ADC2GT	=	0x00c4
                    00C6    640 G$ADC2LT$0$0 == 0x00c6
                    00C6    641 _ADC2LT	=	0x00c6
                    00C8    642 G$TMR4CN$0$0 == 0x00c8
                    00C8    643 _TMR4CN	=	0x00c8
                    00C9    644 G$TMR4CF$0$0 == 0x00c9
                    00C9    645 _TMR4CF	=	0x00c9
                    00CA    646 G$RCAP4L$0$0 == 0x00ca
                    00CA    647 _RCAP4L	=	0x00ca
                    00CB    648 G$RCAP4H$0$0 == 0x00cb
                    00CB    649 _RCAP4H	=	0x00cb
                    00CC    650 G$TMR4L$0$0 == 0x00cc
                    00CC    651 _TMR4L	=	0x00cc
                    00CD    652 G$TMR4H$0$0 == 0x00cd
                    00CD    653 _TMR4H	=	0x00cd
                    00E8    654 G$ADC2CN$0$0 == 0x00e8
                    00E8    655 _ADC2CN	=	0x00e8
                    0091    656 G$MAC0BL$0$0 == 0x0091
                    0091    657 _MAC0BL	=	0x0091
                    0092    658 G$MAC0BH$0$0 == 0x0092
                    0092    659 _MAC0BH	=	0x0092
                    0093    660 G$MAC0ACC0$0$0 == 0x0093
                    0093    661 _MAC0ACC0	=	0x0093
                    0094    662 G$MAC0ACC1$0$0 == 0x0094
                    0094    663 _MAC0ACC1	=	0x0094
                    0095    664 G$MAC0ACC2$0$0 == 0x0095
                    0095    665 _MAC0ACC2	=	0x0095
                    0096    666 G$MAC0ACC3$0$0 == 0x0096
                    0096    667 _MAC0ACC3	=	0x0096
                    0097    668 G$MAC0OVR$0$0 == 0x0097
                    0097    669 _MAC0OVR	=	0x0097
                    00C0    670 G$MAC0STA$0$0 == 0x00c0
                    00C0    671 _MAC0STA	=	0x00c0
                    00C1    672 G$MAC0AL$0$0 == 0x00c1
                    00C1    673 _MAC0AL	=	0x00c1
                    00C2    674 G$MAC0AH$0$0 == 0x00c2
                    00C2    675 _MAC0AH	=	0x00c2
                    00C3    676 G$MAC0CF$0$0 == 0x00c3
                    00C3    677 _MAC0CF	=	0x00c3
                    00CE    678 G$MAC0RNDL$0$0 == 0x00ce
                    00CE    679 _MAC0RNDL	=	0x00ce
                    00CF    680 G$MAC0RNDH$0$0 == 0x00cf
                    00CF    681 _MAC0RNDH	=	0x00cf
                    0088    682 G$FLSTAT$0$0 == 0x0088
                    0088    683 _FLSTAT	=	0x0088
                    0089    684 G$PLL0CN$0$0 == 0x0089
                    0089    685 _PLL0CN	=	0x0089
                    008A    686 G$OSCICN$0$0 == 0x008a
                    008A    687 _OSCICN	=	0x008a
                    008B    688 G$OSCICL$0$0 == 0x008b
                    008B    689 _OSCICL	=	0x008b
                    008C    690 G$OSCXCN$0$0 == 0x008c
                    008C    691 _OSCXCN	=	0x008c
                    008D    692 G$PLL0DIV$0$0 == 0x008d
                    008D    693 _PLL0DIV	=	0x008d
                    008E    694 G$PLL0MUL$0$0 == 0x008e
                    008E    695 _PLL0MUL	=	0x008e
                    008F    696 G$PLL0FLT$0$0 == 0x008f
                    008F    697 _PLL0FLT	=	0x008f
                    0096    698 G$SFRPGCN$0$0 == 0x0096
                    0096    699 _SFRPGCN	=	0x0096
                    0097    700 G$CLKSEL$0$0 == 0x0097
                    0097    701 _CLKSEL	=	0x0097
                    009A    702 G$CCH0MA$0$0 == 0x009a
                    009A    703 _CCH0MA	=	0x009a
                    009C    704 G$P4MDOUT$0$0 == 0x009c
                    009C    705 _P4MDOUT	=	0x009c
                    009D    706 G$P5MDOUT$0$0 == 0x009d
                    009D    707 _P5MDOUT	=	0x009d
                    009E    708 G$P6MDOUT$0$0 == 0x009e
                    009E    709 _P6MDOUT	=	0x009e
                    009F    710 G$P7MDOUT$0$0 == 0x009f
                    009F    711 _P7MDOUT	=	0x009f
                    00A1    712 G$CCH0CN$0$0 == 0x00a1
                    00A1    713 _CCH0CN	=	0x00a1
                    00A2    714 G$CCH0TN$0$0 == 0x00a2
                    00A2    715 _CCH0TN	=	0x00a2
                    00A3    716 G$CCH0LC$0$0 == 0x00a3
                    00A3    717 _CCH0LC	=	0x00a3
                    00A4    718 G$P0MDOUT$0$0 == 0x00a4
                    00A4    719 _P0MDOUT	=	0x00a4
                    00A5    720 G$P1MDOUT$0$0 == 0x00a5
                    00A5    721 _P1MDOUT	=	0x00a5
                    00A6    722 G$P2MDOUT$0$0 == 0x00a6
                    00A6    723 _P2MDOUT	=	0x00a6
                    00A7    724 G$P3MDOUT$0$0 == 0x00a7
                    00A7    725 _P3MDOUT	=	0x00a7
                    00AD    726 G$P1MDIN$0$0 == 0x00ad
                    00AD    727 _P1MDIN	=	0x00ad
                    00B7    728 G$FLACL$0$0 == 0x00b7
                    00B7    729 _FLACL	=	0x00b7
                    00C8    730 G$P4$0$0 == 0x00c8
                    00C8    731 _P4	=	0x00c8
                    00D8    732 G$P5$0$0 == 0x00d8
                    00D8    733 _P5	=	0x00d8
                    00E1    734 G$XBR0$0$0 == 0x00e1
                    00E1    735 _XBR0	=	0x00e1
                    00E2    736 G$XBR1$0$0 == 0x00e2
                    00E2    737 _XBR1	=	0x00e2
                    00E3    738 G$XBR2$0$0 == 0x00e3
                    00E3    739 _XBR2	=	0x00e3
                    00E8    740 G$P6$0$0 == 0x00e8
                    00E8    741 _P6	=	0x00e8
                    00F8    742 G$P7$0$0 == 0x00f8
                    00F8    743 _P7	=	0x00f8
                    8C8A    744 G$TMR0$0$0 == 0x8c8a
                    8C8A    745 _TMR0	=	0x8c8a
                    8D8B    746 G$TMR1$0$0 == 0x8d8b
                    8D8B    747 _TMR1	=	0x8d8b
                    CDCC    748 G$TMR2$0$0 == 0xcdcc
                    CDCC    749 _TMR2	=	0xcdcc
                    CBCA    750 G$RCAP2$0$0 == 0xcbca
                    CBCA    751 _RCAP2	=	0xcbca
                    BFBE    752 G$ADC0$0$0 == 0xbfbe
                    BFBE    753 _ADC0	=	0xbfbe
                    C5C4    754 G$ADC0GT$0$0 == 0xc5c4
                    C5C4    755 _ADC0GT	=	0xc5c4
                    C7C6    756 G$ADC0LT$0$0 == 0xc7c6
                    C7C6    757 _ADC0LT	=	0xc7c6
                    D3D2    758 G$DAC0$0$0 == 0xd3d2
                    D3D2    759 _DAC0	=	0xd3d2
                    FAF9    760 G$PCA0$0$0 == 0xfaf9
                    FAF9    761 _PCA0	=	0xfaf9
                    FCFB    762 G$PCA0CP0$0$0 == 0xfcfb
                    FCFB    763 _PCA0CP0	=	0xfcfb
                    FEFD    764 G$PCA0CP1$0$0 == 0xfefd
                    FEFD    765 _PCA0CP1	=	0xfefd
                    EAE9    766 G$PCA0CP2$0$0 == 0xeae9
                    EAE9    767 _PCA0CP2	=	0xeae9
                    ECEB    768 G$PCA0CP3$0$0 == 0xeceb
                    ECEB    769 _PCA0CP3	=	0xeceb
                    EEED    770 G$PCA0CP4$0$0 == 0xeeed
                    EEED    771 _PCA0CP4	=	0xeeed
                    E2E1    772 G$PCA0CP5$0$0 == 0xe2e1
                    E2E1    773 _PCA0CP5	=	0xe2e1
                    CDCC    774 G$TMR3$0$0 == 0xcdcc
                    CDCC    775 _TMR3	=	0xcdcc
                    CBCA    776 G$RCAP3$0$0 == 0xcbca
                    CBCA    777 _RCAP3	=	0xcbca
                    D3D2    778 G$DAC1$0$0 == 0xd3d2
                    D3D2    779 _DAC1	=	0xd3d2
                    CDCC    780 G$TMR4$0$0 == 0xcdcc
                    CDCC    781 _TMR4	=	0xcdcc
                    CBCA    782 G$RCAP4$0$0 == 0xcbca
                    CBCA    783 _RCAP4	=	0xcbca
                    C2C1    784 G$MAC0A$0$0 == 0xc2c1
                    C2C1    785 _MAC0A	=	0xc2c1
                    96959493    786 G$MAC0ACC$0$0 == 0x96959493
                    96959493    787 _MAC0ACC	=	0x96959493
                    CFCE    788 G$MAC0RND$0$0 == 0xcfce
                    CFCE    789 _MAC0RND	=	0xcfce
                            790 ;--------------------------------------------------------
                            791 ; special function bits
                            792 ;--------------------------------------------------------
                            793 	.area RSEG    (DATA)
                    0080    794 G$P0_0$0$0 == 0x0080
                    0080    795 _P0_0	=	0x0080
                    0081    796 G$P0_1$0$0 == 0x0081
                    0081    797 _P0_1	=	0x0081
                    0082    798 G$P0_2$0$0 == 0x0082
                    0082    799 _P0_2	=	0x0082
                    0083    800 G$P0_3$0$0 == 0x0083
                    0083    801 _P0_3	=	0x0083
                    0084    802 G$P0_4$0$0 == 0x0084
                    0084    803 _P0_4	=	0x0084
                    0085    804 G$P0_5$0$0 == 0x0085
                    0085    805 _P0_5	=	0x0085
                    0086    806 G$P0_6$0$0 == 0x0086
                    0086    807 _P0_6	=	0x0086
                    0087    808 G$P0_7$0$0 == 0x0087
                    0087    809 _P0_7	=	0x0087
                    0088    810 G$IT0$0$0 == 0x0088
                    0088    811 _IT0	=	0x0088
                    0089    812 G$IE0$0$0 == 0x0089
                    0089    813 _IE0	=	0x0089
                    008A    814 G$IT1$0$0 == 0x008a
                    008A    815 _IT1	=	0x008a
                    008B    816 G$IE1$0$0 == 0x008b
                    008B    817 _IE1	=	0x008b
                    008C    818 G$TR0$0$0 == 0x008c
                    008C    819 _TR0	=	0x008c
                    008D    820 G$TF0$0$0 == 0x008d
                    008D    821 _TF0	=	0x008d
                    008E    822 G$TR1$0$0 == 0x008e
                    008E    823 _TR1	=	0x008e
                    008F    824 G$TF1$0$0 == 0x008f
                    008F    825 _TF1	=	0x008f
                    0088    826 G$CP0HYN0$0$0 == 0x0088
                    0088    827 _CP0HYN0	=	0x0088
                    0089    828 G$CP0HYN1$0$0 == 0x0089
                    0089    829 _CP0HYN1	=	0x0089
                    008A    830 G$CP0HYP0$0$0 == 0x008a
                    008A    831 _CP0HYP0	=	0x008a
                    008B    832 G$CP0HYP1$0$0 == 0x008b
                    008B    833 _CP0HYP1	=	0x008b
                    008C    834 G$CP0FIF$0$0 == 0x008c
                    008C    835 _CP0FIF	=	0x008c
                    008D    836 G$CP0RIF$0$0 == 0x008d
                    008D    837 _CP0RIF	=	0x008d
                    008E    838 G$CP0OUT$0$0 == 0x008e
                    008E    839 _CP0OUT	=	0x008e
                    008F    840 G$CP0EN$0$0 == 0x008f
                    008F    841 _CP0EN	=	0x008f
                    0088    842 G$CP1HYN0$0$0 == 0x0088
                    0088    843 _CP1HYN0	=	0x0088
                    0089    844 G$CP1HYN1$0$0 == 0x0089
                    0089    845 _CP1HYN1	=	0x0089
                    008A    846 G$CP1HYP0$0$0 == 0x008a
                    008A    847 _CP1HYP0	=	0x008a
                    008B    848 G$CP1HYP1$0$0 == 0x008b
                    008B    849 _CP1HYP1	=	0x008b
                    008C    850 G$CP1FIF$0$0 == 0x008c
                    008C    851 _CP1FIF	=	0x008c
                    008D    852 G$CP1RIF$0$0 == 0x008d
                    008D    853 _CP1RIF	=	0x008d
                    008E    854 G$CP1OUT$0$0 == 0x008e
                    008E    855 _CP1OUT	=	0x008e
                    008F    856 G$CP1EN$0$0 == 0x008f
                    008F    857 _CP1EN	=	0x008f
                    0088    858 G$FLHBUSY$0$0 == 0x0088
                    0088    859 _FLHBUSY	=	0x0088
                    0090    860 G$P1_0$0$0 == 0x0090
                    0090    861 _P1_0	=	0x0090
                    0091    862 G$P1_1$0$0 == 0x0091
                    0091    863 _P1_1	=	0x0091
                    0092    864 G$P1_2$0$0 == 0x0092
                    0092    865 _P1_2	=	0x0092
                    0093    866 G$P1_3$0$0 == 0x0093
                    0093    867 _P1_3	=	0x0093
                    0094    868 G$P1_4$0$0 == 0x0094
                    0094    869 _P1_4	=	0x0094
                    0095    870 G$P1_5$0$0 == 0x0095
                    0095    871 _P1_5	=	0x0095
                    0096    872 G$P1_6$0$0 == 0x0096
                    0096    873 _P1_6	=	0x0096
                    0097    874 G$P1_7$0$0 == 0x0097
                    0097    875 _P1_7	=	0x0097
                    0098    876 G$RI0$0$0 == 0x0098
                    0098    877 _RI0	=	0x0098
                    0098    878 G$RI$0$0 == 0x0098
                    0098    879 _RI	=	0x0098
                    0099    880 G$TI0$0$0 == 0x0099
                    0099    881 _TI0	=	0x0099
                    0099    882 G$TI$0$0 == 0x0099
                    0099    883 _TI	=	0x0099
                    009A    884 G$RB80$0$0 == 0x009a
                    009A    885 _RB80	=	0x009a
                    009B    886 G$TB80$0$0 == 0x009b
                    009B    887 _TB80	=	0x009b
                    009C    888 G$REN0$0$0 == 0x009c
                    009C    889 _REN0	=	0x009c
                    009C    890 G$REN$0$0 == 0x009c
                    009C    891 _REN	=	0x009c
                    009D    892 G$SM20$0$0 == 0x009d
                    009D    893 _SM20	=	0x009d
                    009E    894 G$SM10$0$0 == 0x009e
                    009E    895 _SM10	=	0x009e
                    009F    896 G$SM00$0$0 == 0x009f
                    009F    897 _SM00	=	0x009f
                    0098    898 G$RI1$0$0 == 0x0098
                    0098    899 _RI1	=	0x0098
                    0099    900 G$TI1$0$0 == 0x0099
                    0099    901 _TI1	=	0x0099
                    009A    902 G$RB81$0$0 == 0x009a
                    009A    903 _RB81	=	0x009a
                    009B    904 G$TB81$0$0 == 0x009b
                    009B    905 _TB81	=	0x009b
                    009C    906 G$REN1$0$0 == 0x009c
                    009C    907 _REN1	=	0x009c
                    009D    908 G$MCE1$0$0 == 0x009d
                    009D    909 _MCE1	=	0x009d
                    009F    910 G$S1MODE$0$0 == 0x009f
                    009F    911 _S1MODE	=	0x009f
                    00A0    912 G$P2_0$0$0 == 0x00a0
                    00A0    913 _P2_0	=	0x00a0
                    00A1    914 G$P2_1$0$0 == 0x00a1
                    00A1    915 _P2_1	=	0x00a1
                    00A2    916 G$P2_2$0$0 == 0x00a2
                    00A2    917 _P2_2	=	0x00a2
                    00A3    918 G$P2_3$0$0 == 0x00a3
                    00A3    919 _P2_3	=	0x00a3
                    00A4    920 G$P2_4$0$0 == 0x00a4
                    00A4    921 _P2_4	=	0x00a4
                    00A5    922 G$P2_5$0$0 == 0x00a5
                    00A5    923 _P2_5	=	0x00a5
                    00A6    924 G$P2_6$0$0 == 0x00a6
                    00A6    925 _P2_6	=	0x00a6
                    00A7    926 G$P2_7$0$0 == 0x00a7
                    00A7    927 _P2_7	=	0x00a7
                    00A8    928 G$EX0$0$0 == 0x00a8
                    00A8    929 _EX0	=	0x00a8
                    00A9    930 G$ET0$0$0 == 0x00a9
                    00A9    931 _ET0	=	0x00a9
                    00AA    932 G$EX1$0$0 == 0x00aa
                    00AA    933 _EX1	=	0x00aa
                    00AB    934 G$ET1$0$0 == 0x00ab
                    00AB    935 _ET1	=	0x00ab
                    00AC    936 G$ES0$0$0 == 0x00ac
                    00AC    937 _ES0	=	0x00ac
                    00AC    938 G$ES$0$0 == 0x00ac
                    00AC    939 _ES	=	0x00ac
                    00AD    940 G$ET2$0$0 == 0x00ad
                    00AD    941 _ET2	=	0x00ad
                    00AF    942 G$EA$0$0 == 0x00af
                    00AF    943 _EA	=	0x00af
                    00B0    944 G$P3_0$0$0 == 0x00b0
                    00B0    945 _P3_0	=	0x00b0
                    00B1    946 G$P3_1$0$0 == 0x00b1
                    00B1    947 _P3_1	=	0x00b1
                    00B2    948 G$P3_2$0$0 == 0x00b2
                    00B2    949 _P3_2	=	0x00b2
                    00B3    950 G$P3_3$0$0 == 0x00b3
                    00B3    951 _P3_3	=	0x00b3
                    00B4    952 G$P3_4$0$0 == 0x00b4
                    00B4    953 _P3_4	=	0x00b4
                    00B5    954 G$P3_5$0$0 == 0x00b5
                    00B5    955 _P3_5	=	0x00b5
                    00B6    956 G$P3_6$0$0 == 0x00b6
                    00B6    957 _P3_6	=	0x00b6
                    00B7    958 G$P3_7$0$0 == 0x00b7
                    00B7    959 _P3_7	=	0x00b7
                    00B8    960 G$PX0$0$0 == 0x00b8
                    00B8    961 _PX0	=	0x00b8
                    00B9    962 G$PT0$0$0 == 0x00b9
                    00B9    963 _PT0	=	0x00b9
                    00BA    964 G$PX1$0$0 == 0x00ba
                    00BA    965 _PX1	=	0x00ba
                    00BB    966 G$PT1$0$0 == 0x00bb
                    00BB    967 _PT1	=	0x00bb
                    00BC    968 G$PS0$0$0 == 0x00bc
                    00BC    969 _PS0	=	0x00bc
                    00BC    970 G$PS$0$0 == 0x00bc
                    00BC    971 _PS	=	0x00bc
                    00BD    972 G$PT2$0$0 == 0x00bd
                    00BD    973 _PT2	=	0x00bd
                    00C0    974 G$SMBTOE$0$0 == 0x00c0
                    00C0    975 _SMBTOE	=	0x00c0
                    00C1    976 G$SMBFTE$0$0 == 0x00c1
                    00C1    977 _SMBFTE	=	0x00c1
                    00C2    978 G$AA$0$0 == 0x00c2
                    00C2    979 _AA	=	0x00c2
                    00C3    980 G$SI$0$0 == 0x00c3
                    00C3    981 _SI	=	0x00c3
                    00C4    982 G$STO$0$0 == 0x00c4
                    00C4    983 _STO	=	0x00c4
                    00C5    984 G$STA$0$0 == 0x00c5
                    00C5    985 _STA	=	0x00c5
                    00C6    986 G$ENSMB$0$0 == 0x00c6
                    00C6    987 _ENSMB	=	0x00c6
                    00C7    988 G$BUSY$0$0 == 0x00c7
                    00C7    989 _BUSY	=	0x00c7
                    00C0    990 G$MAC0N$0$0 == 0x00c0
                    00C0    991 _MAC0N	=	0x00c0
                    00C1    992 G$MAC0SO$0$0 == 0x00c1
                    00C1    993 _MAC0SO	=	0x00c1
                    00C2    994 G$MAC0Z$0$0 == 0x00c2
                    00C2    995 _MAC0Z	=	0x00c2
                    00C3    996 G$MAC0HO$0$0 == 0x00c3
                    00C3    997 _MAC0HO	=	0x00c3
                    00C8    998 G$CPRL2$0$0 == 0x00c8
                    00C8    999 _CPRL2	=	0x00c8
                    00C9   1000 G$CT2$0$0 == 0x00c9
                    00C9   1001 _CT2	=	0x00c9
                    00CA   1002 G$TR2$0$0 == 0x00ca
                    00CA   1003 _TR2	=	0x00ca
                    00CB   1004 G$EXEN2$0$0 == 0x00cb
                    00CB   1005 _EXEN2	=	0x00cb
                    00CE   1006 G$EXF2$0$0 == 0x00ce
                    00CE   1007 _EXF2	=	0x00ce
                    00CF   1008 G$TF2$0$0 == 0x00cf
                    00CF   1009 _TF2	=	0x00cf
                    00C8   1010 G$CPRL3$0$0 == 0x00c8
                    00C8   1011 _CPRL3	=	0x00c8
                    00C9   1012 G$CT3$0$0 == 0x00c9
                    00C9   1013 _CT3	=	0x00c9
                    00CA   1014 G$TR3$0$0 == 0x00ca
                    00CA   1015 _TR3	=	0x00ca
                    00CB   1016 G$EXEN3$0$0 == 0x00cb
                    00CB   1017 _EXEN3	=	0x00cb
                    00CE   1018 G$EXF3$0$0 == 0x00ce
                    00CE   1019 _EXF3	=	0x00ce
                    00CF   1020 G$TF3$0$0 == 0x00cf
                    00CF   1021 _TF3	=	0x00cf
                    00C8   1022 G$CPRL4$0$0 == 0x00c8
                    00C8   1023 _CPRL4	=	0x00c8
                    00C9   1024 G$CT4$0$0 == 0x00c9
                    00C9   1025 _CT4	=	0x00c9
                    00CA   1026 G$TR4$0$0 == 0x00ca
                    00CA   1027 _TR4	=	0x00ca
                    00CB   1028 G$EXEN4$0$0 == 0x00cb
                    00CB   1029 _EXEN4	=	0x00cb
                    00CE   1030 G$EXF4$0$0 == 0x00ce
                    00CE   1031 _EXF4	=	0x00ce
                    00CF   1032 G$TF4$0$0 == 0x00cf
                    00CF   1033 _TF4	=	0x00cf
                    00C8   1034 G$P4_0$0$0 == 0x00c8
                    00C8   1035 _P4_0	=	0x00c8
                    00C9   1036 G$P4_1$0$0 == 0x00c9
                    00C9   1037 _P4_1	=	0x00c9
                    00CA   1038 G$P4_2$0$0 == 0x00ca
                    00CA   1039 _P4_2	=	0x00ca
                    00CB   1040 G$P4_3$0$0 == 0x00cb
                    00CB   1041 _P4_3	=	0x00cb
                    00CC   1042 G$P4_4$0$0 == 0x00cc
                    00CC   1043 _P4_4	=	0x00cc
                    00CD   1044 G$P4_5$0$0 == 0x00cd
                    00CD   1045 _P4_5	=	0x00cd
                    00CE   1046 G$P4_6$0$0 == 0x00ce
                    00CE   1047 _P4_6	=	0x00ce
                    00CF   1048 G$P4_7$0$0 == 0x00cf
                    00CF   1049 _P4_7	=	0x00cf
                    00D0   1050 G$P$0$0 == 0x00d0
                    00D0   1051 _P	=	0x00d0
                    00D1   1052 G$F1$0$0 == 0x00d1
                    00D1   1053 _F1	=	0x00d1
                    00D2   1054 G$OV$0$0 == 0x00d2
                    00D2   1055 _OV	=	0x00d2
                    00D3   1056 G$RS0$0$0 == 0x00d3
                    00D3   1057 _RS0	=	0x00d3
                    00D4   1058 G$RS1$0$0 == 0x00d4
                    00D4   1059 _RS1	=	0x00d4
                    00D5   1060 G$F0$0$0 == 0x00d5
                    00D5   1061 _F0	=	0x00d5
                    00D6   1062 G$AC$0$0 == 0x00d6
                    00D6   1063 _AC	=	0x00d6
                    00D7   1064 G$CY$0$0 == 0x00d7
                    00D7   1065 _CY	=	0x00d7
                    00D8   1066 G$CCF0$0$0 == 0x00d8
                    00D8   1067 _CCF0	=	0x00d8
                    00D9   1068 G$CCF1$0$0 == 0x00d9
                    00D9   1069 _CCF1	=	0x00d9
                    00DA   1070 G$CCF2$0$0 == 0x00da
                    00DA   1071 _CCF2	=	0x00da
                    00DB   1072 G$CCF3$0$0 == 0x00db
                    00DB   1073 _CCF3	=	0x00db
                    00DC   1074 G$CCF4$0$0 == 0x00dc
                    00DC   1075 _CCF4	=	0x00dc
                    00DD   1076 G$CCF5$0$0 == 0x00dd
                    00DD   1077 _CCF5	=	0x00dd
                    00DE   1078 G$CR$0$0 == 0x00de
                    00DE   1079 _CR	=	0x00de
                    00DF   1080 G$CF$0$0 == 0x00df
                    00DF   1081 _CF	=	0x00df
                    00D8   1082 G$P5_0$0$0 == 0x00d8
                    00D8   1083 _P5_0	=	0x00d8
                    00D9   1084 G$P5_1$0$0 == 0x00d9
                    00D9   1085 _P5_1	=	0x00d9
                    00DA   1086 G$P5_2$0$0 == 0x00da
                    00DA   1087 _P5_2	=	0x00da
                    00DB   1088 G$P5_3$0$0 == 0x00db
                    00DB   1089 _P5_3	=	0x00db
                    00DC   1090 G$P5_4$0$0 == 0x00dc
                    00DC   1091 _P5_4	=	0x00dc
                    00DD   1092 G$P5_5$0$0 == 0x00dd
                    00DD   1093 _P5_5	=	0x00dd
                    00DE   1094 G$P5_6$0$0 == 0x00de
                    00DE   1095 _P5_6	=	0x00de
                    00DF   1096 G$P5_7$0$0 == 0x00df
                    00DF   1097 _P5_7	=	0x00df
                    00E8   1098 G$AD0LJST$0$0 == 0x00e8
                    00E8   1099 _AD0LJST	=	0x00e8
                    00E9   1100 G$AD0WINT$0$0 == 0x00e9
                    00E9   1101 _AD0WINT	=	0x00e9
                    00EA   1102 G$AD0CM0$0$0 == 0x00ea
                    00EA   1103 _AD0CM0	=	0x00ea
                    00EB   1104 G$AD0CM1$0$0 == 0x00eb
                    00EB   1105 _AD0CM1	=	0x00eb
                    00EC   1106 G$AD0BUSY$0$0 == 0x00ec
                    00EC   1107 _AD0BUSY	=	0x00ec
                    00ED   1108 G$AD0INT$0$0 == 0x00ed
                    00ED   1109 _AD0INT	=	0x00ed
                    00EE   1110 G$AD0TM$0$0 == 0x00ee
                    00EE   1111 _AD0TM	=	0x00ee
                    00EF   1112 G$AD0EN$0$0 == 0x00ef
                    00EF   1113 _AD0EN	=	0x00ef
                    00E8   1114 G$AD2WINT$0$0 == 0x00e8
                    00E8   1115 _AD2WINT	=	0x00e8
                    00E9   1116 G$AD2CM0$0$0 == 0x00e9
                    00E9   1117 _AD2CM0	=	0x00e9
                    00EA   1118 G$AD2CM1$0$0 == 0x00ea
                    00EA   1119 _AD2CM1	=	0x00ea
                    00EB   1120 G$AD2CM2$0$0 == 0x00eb
                    00EB   1121 _AD2CM2	=	0x00eb
                    00EC   1122 G$AD2BUSY$0$0 == 0x00ec
                    00EC   1123 _AD2BUSY	=	0x00ec
                    00ED   1124 G$AD2INT$0$0 == 0x00ed
                    00ED   1125 _AD2INT	=	0x00ed
                    00EE   1126 G$AD2TM$0$0 == 0x00ee
                    00EE   1127 _AD2TM	=	0x00ee
                    00EF   1128 G$AD2EN$0$0 == 0x00ef
                    00EF   1129 _AD2EN	=	0x00ef
                    00E8   1130 G$P6_0$0$0 == 0x00e8
                    00E8   1131 _P6_0	=	0x00e8
                    00E9   1132 G$P6_1$0$0 == 0x00e9
                    00E9   1133 _P6_1	=	0x00e9
                    00EA   1134 G$P6_2$0$0 == 0x00ea
                    00EA   1135 _P6_2	=	0x00ea
                    00EB   1136 G$P6_3$0$0 == 0x00eb
                    00EB   1137 _P6_3	=	0x00eb
                    00EC   1138 G$P6_4$0$0 == 0x00ec
                    00EC   1139 _P6_4	=	0x00ec
                    00ED   1140 G$P6_5$0$0 == 0x00ed
                    00ED   1141 _P6_5	=	0x00ed
                    00EE   1142 G$P6_6$0$0 == 0x00ee
                    00EE   1143 _P6_6	=	0x00ee
                    00EF   1144 G$P6_7$0$0 == 0x00ef
                    00EF   1145 _P6_7	=	0x00ef
                    00F8   1146 G$SPIEN$0$0 == 0x00f8
                    00F8   1147 _SPIEN	=	0x00f8
                    00F9   1148 G$TXBMT$0$0 == 0x00f9
                    00F9   1149 _TXBMT	=	0x00f9
                    00FA   1150 G$NSSMD0$0$0 == 0x00fa
                    00FA   1151 _NSSMD0	=	0x00fa
                    00FB   1152 G$NSSMD1$0$0 == 0x00fb
                    00FB   1153 _NSSMD1	=	0x00fb
                    00FC   1154 G$RXOVRN$0$0 == 0x00fc
                    00FC   1155 _RXOVRN	=	0x00fc
                    00FD   1156 G$MODF$0$0 == 0x00fd
                    00FD   1157 _MODF	=	0x00fd
                    00FE   1158 G$WCOL$0$0 == 0x00fe
                    00FE   1159 _WCOL	=	0x00fe
                    00FF   1160 G$SPIF$0$0 == 0x00ff
                    00FF   1161 _SPIF	=	0x00ff
                    00F8   1162 G$P7_0$0$0 == 0x00f8
                    00F8   1163 _P7_0	=	0x00f8
                    00F9   1164 G$P7_1$0$0 == 0x00f9
                    00F9   1165 _P7_1	=	0x00f9
                    00FA   1166 G$P7_2$0$0 == 0x00fa
                    00FA   1167 _P7_2	=	0x00fa
                    00FB   1168 G$P7_3$0$0 == 0x00fb
                    00FB   1169 _P7_3	=	0x00fb
                    00FC   1170 G$P7_4$0$0 == 0x00fc
                    00FC   1171 _P7_4	=	0x00fc
                    00FD   1172 G$P7_5$0$0 == 0x00fd
                    00FD   1173 _P7_5	=	0x00fd
                    00FE   1174 G$P7_6$0$0 == 0x00fe
                    00FE   1175 _P7_6	=	0x00fe
                    00FF   1176 G$P7_7$0$0 == 0x00ff
                    00FF   1177 _P7_7	=	0x00ff
                           1178 ;--------------------------------------------------------
                           1179 ; overlayable register banks
                           1180 ;--------------------------------------------------------
                           1181 	.area REG_BANK_0	(REL,OVR,DATA)
   0000                    1182 	.ds 8
                           1183 ;--------------------------------------------------------
                           1184 ; internal ram data
                           1185 ;--------------------------------------------------------
                           1186 	.area DSEG    (DATA)
                    0000   1187 G$output$0$0==.
   0000                    1188 _output::
   0000                    1189 	.ds 2
                           1190 ;--------------------------------------------------------
                           1191 ; overlayable items in internal ram 
                           1192 ;--------------------------------------------------------
                           1193 	.area	OSEG    (OVR,DATA)
                           1194 	.area	OSEG    (OVR,DATA)
                           1195 	.area	OSEG    (OVR,DATA)
                           1196 	.area	OSEG    (OVR,DATA)
                           1197 	.area	OSEG    (OVR,DATA)
                           1198 	.area	OSEG    (OVR,DATA)
                           1199 	.area	OSEG    (OVR,DATA)
                           1200 ;--------------------------------------------------------
                           1201 ; Stack segment in internal ram 
                           1202 ;--------------------------------------------------------
                           1203 	.area	SSEG	(DATA)
   0000                    1204 __start__stack:
   0000                    1205 	.ds	1
                           1206 
                           1207 ;--------------------------------------------------------
                           1208 ; indirectly addressable internal ram data
                           1209 ;--------------------------------------------------------
                           1210 	.area ISEG    (DATA)
                           1211 ;--------------------------------------------------------
                           1212 ; absolute internal ram data
                           1213 ;--------------------------------------------------------
                           1214 	.area IABS    (ABS,DATA)
                           1215 	.area IABS    (ABS,DATA)
                           1216 ;--------------------------------------------------------
                           1217 ; bit data
                           1218 ;--------------------------------------------------------
                           1219 	.area BSEG    (BIT)
                           1220 ;--------------------------------------------------------
                           1221 ; paged external ram data
                           1222 ;--------------------------------------------------------
                           1223 	.area PSEG    (PAG,XDATA)
                           1224 ;--------------------------------------------------------
                           1225 ; external ram data
                           1226 ;--------------------------------------------------------
                           1227 	.area XSEG    (XDATA)
                           1228 ;--------------------------------------------------------
                           1229 ; absolute external ram data
                           1230 ;--------------------------------------------------------
                           1231 	.area XABS    (ABS,XDATA)
                           1232 ;--------------------------------------------------------
                           1233 ; external initialized ram data
                           1234 ;--------------------------------------------------------
                           1235 	.area XISEG   (XDATA)
                           1236 	.area HOME    (CODE)
                           1237 	.area GSINIT0 (CODE)
                           1238 	.area GSINIT1 (CODE)
                           1239 	.area GSINIT2 (CODE)
                           1240 	.area GSINIT3 (CODE)
                           1241 	.area GSINIT4 (CODE)
                           1242 	.area GSINIT5 (CODE)
                           1243 	.area GSINIT  (CODE)
                           1244 	.area GSFINAL (CODE)
                           1245 	.area CSEG    (CODE)
                           1246 ;--------------------------------------------------------
                           1247 ; interrupt vector 
                           1248 ;--------------------------------------------------------
                           1249 	.area HOME    (CODE)
   0000                    1250 __interrupt_vect:
   0000 02s00r00           1251 	ljmp	__sdcc_gsinit_startup
                           1252 ;--------------------------------------------------------
                           1253 ; global & static initialisations
                           1254 ;--------------------------------------------------------
                           1255 	.area HOME    (CODE)
                           1256 	.area GSINIT  (CODE)
                           1257 	.area GSFINAL (CODE)
                           1258 	.area GSINIT  (CODE)
                           1259 	.globl __sdcc_gsinit_startup
                           1260 	.globl __sdcc_program_startup
                           1261 	.globl __start__stack
                           1262 	.globl __mcs51_genXINIT
                           1263 	.globl __mcs51_genXRAMCLEAR
                           1264 	.globl __mcs51_genRAMCLEAR
                    0000   1265 	G$DAC_Init$0$0 ==.
                    0000   1266 	C$lab4_3.c$28$1$1 ==.
                           1267 ;	C:\Users\SSP\Documents\Microprocessor Systems\Lab 2\lab4-3.c:28: unsigned int output = 0;
   0000 E4                 1268 	clr	a
   0001 F5*00              1269 	mov	_output,a
   0003 F5*01              1270 	mov	(_output + 1),a
                           1271 	.area GSFINAL (CODE)
   0000 02s00r03           1272 	ljmp	__sdcc_program_startup
                           1273 ;--------------------------------------------------------
                           1274 ; Home
                           1275 ;--------------------------------------------------------
                           1276 	.area HOME    (CODE)
                           1277 	.area HOME    (CODE)
   0003                    1278 __sdcc_program_startup:
   0003 12s00r13           1279 	lcall	_main
                           1280 ;	return from main will lock up
   0006 80 FE              1281 	sjmp .
                           1282 ;--------------------------------------------------------
                           1283 ; code
                           1284 ;--------------------------------------------------------
                           1285 	.area CSEG    (CODE)
                           1286 ;------------------------------------------------------------
                           1287 ;Allocation info for local variables in function 'putchar'
                           1288 ;------------------------------------------------------------
                           1289 ;c                         Allocated to registers r2 
                           1290 ;------------------------------------------------------------
                    0000   1291 	G$putchar$0$0 ==.
                    0000   1292 	C$putget.h$18$0$0 ==.
                           1293 ;	C:\Users\SSP\Documents\Microprocessor Systems\Lab 2\/putget.h:18: void putchar(char c)
                           1294 ;	-----------------------------------------
                           1295 ;	 function putchar
                           1296 ;	-----------------------------------------
   0000                    1297 _putchar:
                    0002   1298 	ar2 = 0x02
                    0003   1299 	ar3 = 0x03
                    0004   1300 	ar4 = 0x04
                    0005   1301 	ar5 = 0x05
                    0006   1302 	ar6 = 0x06
                    0007   1303 	ar7 = 0x07
                    0000   1304 	ar0 = 0x00
                    0001   1305 	ar1 = 0x01
   0000 AA 82              1306 	mov	r2,dpl
                    0002   1307 	C$putget.h$20$1$1 ==.
                           1308 ;	C:\Users\SSP\Documents\Microprocessor Systems\Lab 2\/putget.h:20: while(!TI0); 
   0002                    1309 00101$:
                    0002   1310 	C$putget.h$21$1$1 ==.
                           1311 ;	C:\Users\SSP\Documents\Microprocessor Systems\Lab 2\/putget.h:21: TI0=0;
   0002 10 99 02           1312 	jbc	_TI0,00108$
   0005 80 FB              1313 	sjmp	00101$
   0007                    1314 00108$:
                    0007   1315 	C$putget.h$22$1$1 ==.
                           1316 ;	C:\Users\SSP\Documents\Microprocessor Systems\Lab 2\/putget.h:22: SBUF0 = c;
   0007 8A 99              1317 	mov	_SBUF0,r2
                    0009   1318 	C$putget.h$23$1$1 ==.
                    0009   1319 	XG$putchar$0$0 ==.
   0009 22                 1320 	ret
                           1321 ;------------------------------------------------------------
                           1322 ;Allocation info for local variables in function 'getchar'
                           1323 ;------------------------------------------------------------
                           1324 ;c                         Allocated to registers 
                           1325 ;------------------------------------------------------------
                    000A   1326 	G$getchar$0$0 ==.
                    000A   1327 	C$putget.h$28$1$1 ==.
                           1328 ;	C:\Users\SSP\Documents\Microprocessor Systems\Lab 2\/putget.h:28: char getchar(void)
                           1329 ;	-----------------------------------------
                           1330 ;	 function getchar
                           1331 ;	-----------------------------------------
   000A                    1332 _getchar:
                    000A   1333 	C$putget.h$31$1$1 ==.
                           1334 ;	C:\Users\SSP\Documents\Microprocessor Systems\Lab 2\/putget.h:31: while(!RI0);
   000A                    1335 00101$:
                    000A   1336 	C$putget.h$32$1$1 ==.
                           1337 ;	C:\Users\SSP\Documents\Microprocessor Systems\Lab 2\/putget.h:32: RI0 =0;
   000A 10 98 02           1338 	jbc	_RI0,00108$
   000D 80 FB              1339 	sjmp	00101$
   000F                    1340 00108$:
                    000F   1341 	C$putget.h$33$1$1 ==.
                           1342 ;	C:\Users\SSP\Documents\Microprocessor Systems\Lab 2\/putget.h:33: c = SBUF0;
   000F 85 99 82           1343 	mov	dpl,_SBUF0
                    0012   1344 	C$putget.h$35$1$1 ==.
                           1345 ;	C:\Users\SSP\Documents\Microprocessor Systems\Lab 2\/putget.h:35: return c;
                    0012   1346 	C$putget.h$36$1$1 ==.
                    0012   1347 	XG$getchar$0$0 ==.
   0012 22                 1348 	ret
                           1349 ;------------------------------------------------------------
                           1350 ;Allocation info for local variables in function 'main'
                           1351 ;------------------------------------------------------------
                           1352 ;i                         Allocated to registers 
                           1353 ;------------------------------------------------------------
                    0013   1354 	G$main$0$0 ==.
                    0013   1355 	C$lab4_3.c$33$1$1 ==.
                           1356 ;	C:\Users\SSP\Documents\Microprocessor Systems\Lab 2\lab4-3.c:33: void main(void)
                           1357 ;	-----------------------------------------
                           1358 ;	 function main
                           1359 ;	-----------------------------------------
   0013                    1360 _main:
                    0013   1361 	C$lab4_3.c$36$1$1 ==.
                           1362 ;	C:\Users\SSP\Documents\Microprocessor Systems\Lab 2\lab4-3.c:36: WDTCN = 0xDE;						// Disable the watchdog timer
   0013 75 FF DE           1363 	mov	_WDTCN,#0xDE
                    0016   1364 	C$lab4_3.c$37$1$1 ==.
                           1365 ;	C:\Users\SSP\Documents\Microprocessor Systems\Lab 2\lab4-3.c:37: WDTCN = 0xAD;						// Note: = "DEAD"!
   0016 75 FF AD           1366 	mov	_WDTCN,#0xAD
                    0019   1367 	C$lab4_3.c$39$1$1 ==.
                           1368 ;	C:\Users\SSP\Documents\Microprocessor Systems\Lab 2\lab4-3.c:39: SYSCLK_INIT();						// Initialize the oscillator
   0019 12s00r6F           1369 	lcall	_SYSCLK_INIT
                    001C   1370 	C$lab4_3.c$40$1$1 ==.
                           1371 ;	C:\Users\SSP\Documents\Microprocessor Systems\Lab 2\lab4-3.c:40: PORT_INIT();						// Initialize the Crossbar and GPIO
   001C 12s00r92           1372 	lcall	_PORT_INIT
                    001F   1373 	C$lab4_3.c$41$1$1 ==.
                           1374 ;	C:\Users\SSP\Documents\Microprocessor Systems\Lab 2\lab4-3.c:41: UART0_INIT();						// Initialize UART0
   001F 12s00rAF           1375 	lcall	_UART0_INIT
                    0022   1376 	C$lab4_3.c$42$1$1 ==.
                           1377 ;	C:\Users\SSP\Documents\Microprocessor Systems\Lab 2\lab4-3.c:42: ADC_Init();							// Initialize ADC0
   0022 12s00rD3           1378 	lcall	_ADC_Init
                    0025   1379 	C$lab4_3.c$43$1$1 ==.
                           1380 ;	C:\Users\SSP\Documents\Microprocessor Systems\Lab 2\lab4-3.c:43: DAC_Init();
   0025 12s00rE7           1381 	lcall	_DAC_Init
                    0028   1382 	C$lab4_3.c$45$1$1 ==.
                           1383 ;	C:\Users\SSP\Documents\Microprocessor Systems\Lab 2\lab4-3.c:45: SFRPAGE = UART0_PAGE;				// Direct output to UART0
   0028 75 84 00           1384 	mov	_SFRPAGE,#0x00
                    002B   1385 	C$lab4_3.c$50$1$1 ==.
                           1386 ;	C:\Users\SSP\Documents\Microprocessor Systems\Lab 2\lab4-3.c:50: ADC0CN &= ~0x0C;
   002B 53 E8 F3           1387 	anl	_ADC0CN,#0xF3
                    002E   1388 	C$lab4_3.c$52$1$1 ==.
                           1389 ;	C:\Users\SSP\Documents\Microprocessor Systems\Lab 2\lab4-3.c:52: AD0INT = 0;
   002E C2 ED              1390 	clr	_AD0INT
                    0030   1391 	C$lab4_3.c$54$1$1 ==.
                           1392 ;	C:\Users\SSP\Documents\Microprocessor Systems\Lab 2\lab4-3.c:54: AD0BUSY = 1;
   0030 D2 EC              1393 	setb	_AD0BUSY
                    0032   1394 	C$lab4_3.c$57$1$1 ==.
                           1395 ;	C:\Users\SSP\Documents\Microprocessor Systems\Lab 2\lab4-3.c:57: while(AD0INT != 0);
   0032                    1396 00101$:
   0032 20 ED FD           1397 	jb	_AD0INT,00101$
                    0035   1398 	C$lab4_3.c$60$1$1 ==.
                           1399 ;	C:\Users\SSP\Documents\Microprocessor Systems\Lab 2\lab4-3.c:60: printf("\033[2J");					//clear screen
   0035 74r00              1400 	mov	a,#__str_0
   0037 C0 E0              1401 	push	acc
   0039 74s00              1402 	mov	a,#(__str_0 >> 8)
   003B C0 E0              1403 	push	acc
   003D 74 80              1404 	mov	a,#0x80
   003F C0 E0              1405 	push	acc
   0041 12s00r00           1406 	lcall	_printf
   0044 15 81              1407 	dec	sp
   0046 15 81              1408 	dec	sp
   0048 15 81              1409 	dec	sp
                    004A   1410 	C$lab4_3.c$61$1$1 ==.
                           1411 ;	C:\Users\SSP\Documents\Microprocessor Systems\Lab 2\lab4-3.c:61: printf("Ours is the fury. \n\r");		//running
   004A 74r05              1412 	mov	a,#__str_1
   004C C0 E0              1413 	push	acc
   004E 74s00              1414 	mov	a,#(__str_1 >> 8)
   0050 C0 E0              1415 	push	acc
   0052 74 80              1416 	mov	a,#0x80
   0054 C0 E0              1417 	push	acc
   0056 12s00r00           1418 	lcall	_printf
   0059 15 81              1419 	dec	sp
   005B 15 81              1420 	dec	sp
   005D 15 81              1421 	dec	sp
                    005F   1422 	C$lab4_3.c$63$1$1 ==.
                           1423 ;	C:\Users\SSP\Documents\Microprocessor Systems\Lab 2\lab4-3.c:63: while(1)
   005F                    1424 00105$:
                    005F   1425 	C$lab4_3.c$65$2$2 ==.
                           1426 ;	C:\Users\SSP\Documents\Microprocessor Systems\Lab 2\lab4-3.c:65: DAC0L = output;
   005F 85*00 D2           1427 	mov	_DAC0L,_output
                    0062   1428 	C$lab4_3.c$66$2$2 ==.
                           1429 ;	C:\Users\SSP\Documents\Microprocessor Systems\Lab 2\lab4-3.c:66: DAC0H = output>>8;
   0062 85*01 D3           1430 	mov	_DAC0H,(_output + 1)
                    0065   1431 	C$lab4_3.c$69$2$2 ==.
                           1432 ;	C:\Users\SSP\Documents\Microprocessor Systems\Lab 2\lab4-3.c:69: output++;
   0065 05*00              1433 	inc	_output
   0067 E4                 1434 	clr	a
   0068 B5*00 F4           1435 	cjne	a,_output,00105$
   006B 05*01              1436 	inc	(_output + 1)
                    006D   1437 	C$lab4_3.c$72$1$1 ==.
                    006D   1438 	XG$main$0$0 ==.
   006D 80 F0              1439 	sjmp	00105$
                           1440 ;------------------------------------------------------------
                           1441 ;Allocation info for local variables in function 'SYSCLK_INIT'
                           1442 ;------------------------------------------------------------
                           1443 ;i                         Allocated to registers r3 r4 
                           1444 ;SFRPAGE_SAVE              Allocated to registers r2 
                           1445 ;------------------------------------------------------------
                    006F   1446 	G$SYSCLK_INIT$0$0 ==.
                    006F   1447 	C$lab4_3.c$80$1$1 ==.
                           1448 ;	C:\Users\SSP\Documents\Microprocessor Systems\Lab 2\lab4-3.c:80: void SYSCLK_INIT(void)
                           1449 ;	-----------------------------------------
                           1450 ;	 function SYSCLK_INIT
                           1451 ;	-----------------------------------------
   006F                    1452 _SYSCLK_INIT:
                    006F   1453 	C$lab4_3.c$85$1$1 ==.
                           1454 ;	C:\Users\SSP\Documents\Microprocessor Systems\Lab 2\lab4-3.c:85: SFRPAGE_SAVE = SFRPAGE;				// Save Current SFR page	SFRPAGE = CONFIG_PAGE;
   006F AA 84              1455 	mov	r2,_SFRPAGE
                    0071   1456 	C$lab4_3.c$86$1$1 ==.
                           1457 ;	C:\Users\SSP\Documents\Microprocessor Systems\Lab 2\lab4-3.c:86: SFRPAGE   = CONFIG_PAGE;
   0071 75 84 0F           1458 	mov	_SFRPAGE,#0x0F
                    0074   1459 	C$lab4_3.c$88$1$1 ==.
                           1460 ;	C:\Users\SSP\Documents\Microprocessor Systems\Lab 2\lab4-3.c:88: OSCXCN = 0x67;						// Start ext osc with 22.1184MHz crystal
   0074 75 8C 67           1461 	mov	_OSCXCN,#0x67
                    0077   1462 	C$lab4_3.c$89$1$1 ==.
                           1463 ;	C:\Users\SSP\Documents\Microprocessor Systems\Lab 2\lab4-3.c:89: for(i=0; i < 3000; i++);			// Wait for the oscillator to start up
   0077 7B B8              1464 	mov	r3,#0xB8
   0079 7C 0B              1465 	mov	r4,#0x0B
   007B                    1466 00106$:
   007B 1B                 1467 	dec	r3
   007C BB FF 01           1468 	cjne	r3,#0xff,00114$
   007F 1C                 1469 	dec	r4
   0080                    1470 00114$:
   0080 EB                 1471 	mov	a,r3
   0081 4C                 1472 	orl	a,r4
   0082 70 F7              1473 	jnz	00106$
                    0084   1474 	C$lab4_3.c$90$1$1 ==.
                           1475 ;	C:\Users\SSP\Documents\Microprocessor Systems\Lab 2\lab4-3.c:90: while(!(OSCXCN & 0x80));
   0084                    1476 00101$:
   0084 E5 8C              1477 	mov	a,_OSCXCN
   0086 30 E7 FB           1478 	jnb	acc.7,00101$
                    0089   1479 	C$lab4_3.c$91$1$1 ==.
                           1480 ;	C:\Users\SSP\Documents\Microprocessor Systems\Lab 2\lab4-3.c:91: CLKSEL = 0x01;						// Switch to the external crystal oscillator
   0089 75 97 01           1481 	mov	_CLKSEL,#0x01
                    008C   1482 	C$lab4_3.c$92$1$1 ==.
                           1483 ;	C:\Users\SSP\Documents\Microprocessor Systems\Lab 2\lab4-3.c:92: OSCICN = 0x00;						// Disable the internal oscillator
   008C 75 8A 00           1484 	mov	_OSCICN,#0x00
                    008F   1485 	C$lab4_3.c$94$1$1 ==.
                           1486 ;	C:\Users\SSP\Documents\Microprocessor Systems\Lab 2\lab4-3.c:94: SFRPAGE = SFRPAGE_SAVE;             // Restore SFR page
   008F 8A 84              1487 	mov	_SFRPAGE,r2
                    0091   1488 	C$lab4_3.c$95$1$1 ==.
                    0091   1489 	XG$SYSCLK_INIT$0$0 ==.
   0091 22                 1490 	ret
                           1491 ;------------------------------------------------------------
                           1492 ;Allocation info for local variables in function 'PORT_INIT'
                           1493 ;------------------------------------------------------------
                           1494 ;SFRPAGE_SAVE              Allocated to registers r2 
                           1495 ;------------------------------------------------------------
                    0092   1496 	G$PORT_INIT$0$0 ==.
                    0092   1497 	C$lab4_3.c$97$1$1 ==.
                           1498 ;	C:\Users\SSP\Documents\Microprocessor Systems\Lab 2\lab4-3.c:97: void PORT_INIT(void)
                           1499 ;	-----------------------------------------
                           1500 ;	 function PORT_INIT
                           1501 ;	-----------------------------------------
   0092                    1502 _PORT_INIT:
                    0092   1503 	C$lab4_3.c$101$1$1 ==.
                           1504 ;	C:\Users\SSP\Documents\Microprocessor Systems\Lab 2\lab4-3.c:101: SFRPAGE_SAVE = SFRPAGE;				// Save Current SFR page
   0092 AA 84              1505 	mov	r2,_SFRPAGE
                    0094   1506 	C$lab4_3.c$102$1$1 ==.
                           1507 ;	C:\Users\SSP\Documents\Microprocessor Systems\Lab 2\lab4-3.c:102: SFRPAGE = CONFIG_PAGE;
   0094 75 84 0F           1508 	mov	_SFRPAGE,#0x0F
                    0097   1509 	C$lab4_3.c$104$1$1 ==.
                           1510 ;	C:\Users\SSP\Documents\Microprocessor Systems\Lab 2\lab4-3.c:104: XBR0	 = 0x04;					// Enable UART0
   0097 75 E1 04           1511 	mov	_XBR0,#0x04
                    009A   1512 	C$lab4_3.c$105$1$1 ==.
                           1513 ;	C:\Users\SSP\Documents\Microprocessor Systems\Lab 2\lab4-3.c:105: XBR1	 = 0x00;
   009A 75 E2 00           1514 	mov	_XBR1,#0x00
                    009D   1515 	C$lab4_3.c$106$1$1 ==.
                           1516 ;	C:\Users\SSP\Documents\Microprocessor Systems\Lab 2\lab4-3.c:106: XBR2	 = 0x40;					// Enable Crossbar and weak pull-up
   009D 75 E3 40           1517 	mov	_XBR2,#0x40
                    00A0   1518 	C$lab4_3.c$108$1$1 ==.
                           1519 ;	C:\Users\SSP\Documents\Microprocessor Systems\Lab 2\lab4-3.c:108: P0MDOUT &= ~0x01;					// Set P0.0 to open-drain
   00A0 53 A4 FE           1520 	anl	_P0MDOUT,#0xFE
                    00A3   1521 	C$lab4_3.c$109$1$1 ==.
                           1522 ;	C:\Users\SSP\Documents\Microprocessor Systems\Lab 2\lab4-3.c:109: P0 |= 0x01;							// P0.0 high-impedence
   00A3 43 80 01           1523 	orl	_P0,#0x01
                    00A6   1524 	C$lab4_3.c$110$1$1 ==.
                           1525 ;	C:\Users\SSP\Documents\Microprocessor Systems\Lab 2\lab4-3.c:110: P1MDOUT	&= ~0x03;					// Set P1.0 to open-drain
   00A6 53 A5 FC           1526 	anl	_P1MDOUT,#0xFC
                    00A9   1527 	C$lab4_3.c$111$1$1 ==.
                           1528 ;	C:\Users\SSP\Documents\Microprocessor Systems\Lab 2\lab4-3.c:111: P1 |= 0x03;							// P1.0 to high-impedence
   00A9 43 90 03           1529 	orl	_P1,#0x03
                    00AC   1530 	C$lab4_3.c$114$1$1 ==.
                           1531 ;	C:\Users\SSP\Documents\Microprocessor Systems\Lab 2\lab4-3.c:114: SFRPAGE = SFRPAGE_SAVE;             // Restore SFR page
   00AC 8A 84              1532 	mov	_SFRPAGE,r2
                    00AE   1533 	C$lab4_3.c$115$1$1 ==.
                    00AE   1534 	XG$PORT_INIT$0$0 ==.
   00AE 22                 1535 	ret
                           1536 ;------------------------------------------------------------
                           1537 ;Allocation info for local variables in function 'UART0_INIT'
                           1538 ;------------------------------------------------------------
                           1539 ;SFRPAGE_SAVE              Allocated to registers r2 
                           1540 ;------------------------------------------------------------
                    00AF   1541 	G$UART0_INIT$0$0 ==.
                    00AF   1542 	C$lab4_3.c$123$1$1 ==.
                           1543 ;	C:\Users\SSP\Documents\Microprocessor Systems\Lab 2\lab4-3.c:123: void UART0_INIT(void)
                           1544 ;	-----------------------------------------
                           1545 ;	 function UART0_INIT
                           1546 ;	-----------------------------------------
   00AF                    1547 _UART0_INIT:
                    00AF   1548 	C$lab4_3.c$127$1$1 ==.
                           1549 ;	C:\Users\SSP\Documents\Microprocessor Systems\Lab 2\lab4-3.c:127: SFRPAGE_SAVE = SFRPAGE;				// Save Current SFR page
   00AF AA 84              1550 	mov	r2,_SFRPAGE
                    00B1   1551 	C$lab4_3.c$128$1$1 ==.
                           1552 ;	C:\Users\SSP\Documents\Microprocessor Systems\Lab 2\lab4-3.c:128: SFRPAGE = TIMER01_PAGE;
   00B1 75 84 00           1553 	mov	_SFRPAGE,#0x00
                    00B4   1554 	C$lab4_3.c$130$1$1 ==.
                           1555 ;	C:\Users\SSP\Documents\Microprocessor Systems\Lab 2\lab4-3.c:130: TCON	 = 0x40;
   00B4 75 88 40           1556 	mov	_TCON,#0x40
                    00B7   1557 	C$lab4_3.c$131$1$1 ==.
                           1558 ;	C:\Users\SSP\Documents\Microprocessor Systems\Lab 2\lab4-3.c:131: TMOD	&= 0x0F;
   00B7 53 89 0F           1559 	anl	_TMOD,#0x0F
                    00BA   1560 	C$lab4_3.c$132$1$1 ==.
                           1561 ;	C:\Users\SSP\Documents\Microprocessor Systems\Lab 2\lab4-3.c:132: TMOD	|= 0x20;					// Timer1, Mode 2, 8-bit reload
   00BA 43 89 20           1562 	orl	_TMOD,#0x20
                    00BD   1563 	C$lab4_3.c$133$1$1 ==.
                           1564 ;	C:\Users\SSP\Documents\Microprocessor Systems\Lab 2\lab4-3.c:133: CKCON	|= 0x10;					// Timer1 uses SYSCLK as time base
   00BD 43 8E 10           1565 	orl	_CKCON,#0x10
                    00C0   1566 	C$lab4_3.c$135$1$1 ==.
                           1567 ;	C:\Users\SSP\Documents\Microprocessor Systems\Lab 2\lab4-3.c:135: TH1		 = 0xE8;					// 0xE8 = 232
   00C0 75 8D E8           1568 	mov	_TH1,#0xE8
                    00C3   1569 	C$lab4_3.c$136$1$1 ==.
                           1570 ;	C:\Users\SSP\Documents\Microprocessor Systems\Lab 2\lab4-3.c:136: TR1		 = 1;						// Start Timer1
   00C3 D2 8E              1571 	setb	_TR1
                    00C5   1572 	C$lab4_3.c$138$1$1 ==.
                           1573 ;	C:\Users\SSP\Documents\Microprocessor Systems\Lab 2\lab4-3.c:138: SFRPAGE = UART0_PAGE;
   00C5 75 84 00           1574 	mov	_SFRPAGE,#0x00
                    00C8   1575 	C$lab4_3.c$139$1$1 ==.
                           1576 ;	C:\Users\SSP\Documents\Microprocessor Systems\Lab 2\lab4-3.c:139: SCON0	 = 0x50;					// Mode 1, 8-bit UART, enable RX
   00C8 75 98 50           1577 	mov	_SCON0,#0x50
                    00CB   1578 	C$lab4_3.c$140$1$1 ==.
                           1579 ;	C:\Users\SSP\Documents\Microprocessor Systems\Lab 2\lab4-3.c:140: SSTA0	 = 0x00;					// SMOD0 = 0, in this mode
   00CB 75 91 00           1580 	mov	_SSTA0,#0x00
                    00CE   1581 	C$lab4_3.c$143$1$1 ==.
                           1582 ;	C:\Users\SSP\Documents\Microprocessor Systems\Lab 2\lab4-3.c:143: TI0 = 1;							// Indicate TX0 ready
   00CE D2 99              1583 	setb	_TI0
                    00D0   1584 	C$lab4_3.c$145$1$1 ==.
                           1585 ;	C:\Users\SSP\Documents\Microprocessor Systems\Lab 2\lab4-3.c:145: SFRPAGE = SFRPAGE_SAVE;             // Restore SFR page
   00D0 8A 84              1586 	mov	_SFRPAGE,r2
                    00D2   1587 	C$lab4_3.c$146$1$1 ==.
                    00D2   1588 	XG$UART0_INIT$0$0 ==.
   00D2 22                 1589 	ret
                           1590 ;------------------------------------------------------------
                           1591 ;Allocation info for local variables in function 'ADC_Init'
                           1592 ;------------------------------------------------------------
                           1593 ;SFRPAGE_SAVE              Allocated to registers r2 
                           1594 ;------------------------------------------------------------
                    00D3   1595 	G$ADC_Init$0$0 ==.
                    00D3   1596 	C$lab4_3.c$148$1$1 ==.
                           1597 ;	C:\Users\SSP\Documents\Microprocessor Systems\Lab 2\lab4-3.c:148: void ADC_Init(void)
                           1598 ;	-----------------------------------------
                           1599 ;	 function ADC_Init
                           1600 ;	-----------------------------------------
   00D3                    1601 _ADC_Init:
                    00D3   1602 	C$lab4_3.c$152$1$1 ==.
                           1603 ;	C:\Users\SSP\Documents\Microprocessor Systems\Lab 2\lab4-3.c:152: SFRPAGE_SAVE = SFRPAGE;				// Save Current SFR page
   00D3 AA 84              1604 	mov	r2,_SFRPAGE
                    00D5   1605 	C$lab4_3.c$153$1$1 ==.
                           1606 ;	C:\Users\SSP\Documents\Microprocessor Systems\Lab 2\lab4-3.c:153: SFRPAGE = ADC0_PAGE;
   00D5 75 84 00           1607 	mov	_SFRPAGE,#0x00
                    00D8   1608 	C$lab4_3.c$155$1$1 ==.
                           1609 ;	C:\Users\SSP\Documents\Microprocessor Systems\Lab 2\lab4-3.c:155: ADC0CN = 0x80;						//enable ADC0
   00D8 75 E8 80           1610 	mov	_ADC0CN,#0x80
                    00DB   1611 	C$lab4_3.c$156$1$1 ==.
                           1612 ;	C:\Users\SSP\Documents\Microprocessor Systems\Lab 2\lab4-3.c:156: REF0CN = 0x02;						//Use VREF0, internal bias generator, reference buffer off
   00DB 75 D1 02           1613 	mov	_REF0CN,#0x02
                    00DE   1614 	C$lab4_3.c$157$1$1 ==.
                           1615 ;	C:\Users\SSP\Documents\Microprocessor Systems\Lab 2\lab4-3.c:157: AMX0SL = 0x00;						//use 0.0 as  'independent single-ended input'
   00DE 75 BB 00           1616 	mov	_AMX0SL,#0x00
                    00E1   1617 	C$lab4_3.c$158$1$1 ==.
                           1618 ;	C:\Users\SSP\Documents\Microprocessor Systems\Lab 2\lab4-3.c:158: AMX0CF = 0x00;
   00E1 75 BA 00           1619 	mov	_AMX0CF,#0x00
                    00E4   1620 	C$lab4_3.c$160$1$1 ==.
                           1621 ;	C:\Users\SSP\Documents\Microprocessor Systems\Lab 2\lab4-3.c:160: SFRPAGE = SFRPAGE_SAVE;             // Restore SFR page
   00E4 8A 84              1622 	mov	_SFRPAGE,r2
                    00E6   1623 	C$lab4_3.c$161$1$1 ==.
                    00E6   1624 	XG$ADC_Init$0$0 ==.
   00E6 22                 1625 	ret
                           1626 ;------------------------------------------------------------
                           1627 ;Allocation info for local variables in function 'DAC_Init'
                           1628 ;------------------------------------------------------------
                           1629 ;SFRPAGE_SAVE              Allocated to registers r2 
                           1630 ;------------------------------------------------------------
                    00E7   1631 	G$DAC_Init$0$0 ==.
                    00E7   1632 	C$lab4_3.c$164$1$1 ==.
                           1633 ;	C:\Users\SSP\Documents\Microprocessor Systems\Lab 2\lab4-3.c:164: void DAC_Init(void)
                           1634 ;	-----------------------------------------
                           1635 ;	 function DAC_Init
                           1636 ;	-----------------------------------------
   00E7                    1637 _DAC_Init:
                    00E7   1638 	C$lab4_3.c$168$1$1 ==.
                           1639 ;	C:\Users\SSP\Documents\Microprocessor Systems\Lab 2\lab4-3.c:168: SFRPAGE_SAVE = SFRPAGE;				// Save Current SFR page
   00E7 AA 84              1640 	mov	r2,_SFRPAGE
                    00E9   1641 	C$lab4_3.c$169$1$1 ==.
                           1642 ;	C:\Users\SSP\Documents\Microprocessor Systems\Lab 2\lab4-3.c:169: SFRPAGE = DAC0_PAGE;
   00E9 75 84 00           1643 	mov	_SFRPAGE,#0x00
                    00EC   1644 	C$lab4_3.c$173$1$1 ==.
                           1645 ;	C:\Users\SSP\Documents\Microprocessor Systems\Lab 2\lab4-3.c:173: DAC0CN |= 0x80;		//enable DAC0
   00EC 43 D4 80           1646 	orl	_DAC0CN,#0x80
                    00EF   1647 	C$lab4_3.c$174$1$1 ==.
                           1648 ;	C:\Users\SSP\Documents\Microprocessor Systems\Lab 2\lab4-3.c:174: DAC0CN &= 0xE0;		//gain = 1, manual conversion mode	
   00EF 53 D4 E0           1649 	anl	_DAC0CN,#0xE0
                    00F2   1650 	C$lab4_3.c$176$1$1 ==.
                           1651 ;	C:\Users\SSP\Documents\Microprocessor Systems\Lab 2\lab4-3.c:176: SFRPAGE = SFRPAGE_SAVE;             // Restore SFR page
   00F2 8A 84              1652 	mov	_SFRPAGE,r2
                    00F4   1653 	C$lab4_3.c$177$1$1 ==.
                    00F4   1654 	XG$DAC_Init$0$0 ==.
   00F4 22                 1655 	ret
                           1656 	.area CSEG    (CODE)
                           1657 	.area CONST   (CODE)
                    0000   1658 Flab4_3$_str_0$0$0 == .
   0000                    1659 __str_0:
   0000 1B                 1660 	.db 0x1B
   0001 5B 32 4A           1661 	.ascii "[2J"
   0004 00                 1662 	.db 0x00
                    0005   1663 Flab4_3$_str_1$0$0 == .
   0005                    1664 __str_1:
   0005 4F 75 72 73 20 69  1665 	.ascii "Ours is the fury. "
        73 20 74 68 65 20
        66 75 72 79 2E 20
   0017 0A                 1666 	.db 0x0A
   0018 0D                 1667 	.db 0x0D
   0019 00                 1668 	.db 0x00
                           1669 	.area XINIT   (CODE)
                           1670 	.area CABS    (ABS,CODE)
